<?xml version="1.0" encoding="UTF-8"?>
<!-- Generated by org.testng.reporters.JUnitXMLReporter -->
<testsuite ignored="0" hostname="Leandros-MacBook-Pro.local" failures="0" tests="2" name="Default test" time="19.946" errors="0" timestamp="2024-12-07T22:36:41 ART">
  <testcase classname="tests.DynamicControlsPageTest" name="verifyCheckboxRemovalAndReappearance" time="7.412"/>
  <testcase classname="tests.DynamicControlsPageTest" name="verifyInputEnableFunctionality" time="8.372"/>
</testsuite> <!-- Default test -->
