<?xml version="1.0" encoding="UTF-8"?>
<!-- Generated by org.testng.reporters.JUnitXMLReporter -->
<testsuite ignored="0" hostname="Leandros-MacBook-Pro.local" failures="0" tests="2" name="Default test" time="16.704" errors="0" timestamp="2024-12-08T00:31:58 ART">
  <testcase classname="tests.DynamicControlsPageTest" name="verifyCheckboxRemovalAndReappearance" time="7.85"/>
  <testcase classname="tests.DynamicControlsPageTest" name="verifyInputEnableFunctionality" time="6.333"/>
</testsuite> <!-- Default test -->
