<?xml version="1.0" encoding="UTF-8"?>
<testng-results ignored="0" total="1" passed="1" failed="0" skipped="0">
  <reporter-output>
  </reporter-output>
  <suite started-at="2024-12-07T23:06:55 ART" name="Default suite" finished-at="2024-12-07T23:07:06 ART" duration-ms="11189">
    <groups>
    </groups>
    <test started-at="2024-12-07T23:06:55 ART" name="Default test" finished-at="2024-12-07T23:07:06 ART" duration-ms="11189">
      <class name="tests.DynamicControlsPageTest">
        <test-method is-config="true" signature="setUp()[pri:0, instance:tests.DynamicControlsPageTest@4f6ee6e4]" started-at="2024-12-07T23:06:55 ART" name="setUp" finished-at="2024-12-07T23:06:59 ART" duration-ms="3610" status="PASS">
          <reporter-output>
          </reporter-output>
        </test-method> <!-- setUp -->
        <test-method signature="verifyCheckboxRemovalAndReappearance()[pri:0, instance:tests.DynamicControlsPageTest@4f6ee6e4]" started-at="2024-12-07T23:06:59 ART" name="verifyCheckboxRemovalAndReappearance" finished-at="2024-12-07T23:07:06 ART" duration-ms="7448" status="PASS">
          <reporter-output>
          </reporter-output>
        </test-method> <!-- verifyCheckboxRemovalAndReappearance -->
        <test-method is-config="true" signature="tearDown()[pri:0, instance:tests.DynamicControlsPageTest@4f6ee6e4]" started-at="2024-12-07T23:07:06 ART" name="tearDown" finished-at="2024-12-07T23:07:06 ART" duration-ms="99" status="PASS">
          <reporter-output>
          </reporter-output>
        </test-method> <!-- tearDown -->
      </class> <!-- tests.DynamicControlsPageTest -->
    </test> <!-- Default test -->
  </suite> <!-- Default suite -->
</testng-results>
