<?xml version="1.0" encoding="UTF-8"?>
<testng-results ignored="0" total="2" passed="2" failed="0" skipped="0">
  <reporter-output>
  </reporter-output>
  <suite started-at="2024-12-08T00:31:41 ART" name="Default suite" finished-at="2024-12-08T00:31:58 ART" duration-ms="16704">
    <groups>
    </groups>
    <test started-at="2024-12-08T00:31:41 ART" name="Default test" finished-at="2024-12-08T00:31:58 ART" duration-ms="16704">
      <class name="tests.DynamicControlsPageTest">
        <test-method is-config="true" signature="setUp()[pri:0, instance:tests.DynamicControlsPageTest@6356695f]" started-at="2024-12-08T00:31:41 ART" name="setUp" finished-at="2024-12-08T00:31:43 ART" duration-ms="2367" status="PASS">
          <reporter-output>
          </reporter-output>
        </test-method> <!-- setUp -->
        <test-method signature="verifyCheckboxRemovalAndReappearance()[pri:0, instance:tests.DynamicControlsPageTest@6356695f]" started-at="2024-12-08T00:31:43 ART" name="verifyCheckboxRemovalAndReappearance" finished-at="2024-12-08T00:31:51 ART" duration-ms="7850" status="PASS">
          <reporter-output>
          </reporter-output>
        </test-method> <!-- verifyCheckboxRemovalAndReappearance -->
        <test-method signature="verifyInputEnableFunctionality()[pri:0, instance:tests.DynamicControlsPageTest@6356695f]" started-at="2024-12-08T00:31:51 ART" name="verifyInputEnableFunctionality" finished-at="2024-12-08T00:31:58 ART" duration-ms="6333" status="PASS">
          <reporter-output>
          </reporter-output>
        </test-method> <!-- verifyInputEnableFunctionality -->
        <test-method is-config="true" signature="tearDown()[pri:0, instance:tests.DynamicControlsPageTest@6356695f]" started-at="2024-12-08T00:31:58 ART" name="tearDown" finished-at="2024-12-08T00:31:58 ART" duration-ms="105" status="PASS">
          <reporter-output>
          </reporter-output>
        </test-method> <!-- tearDown -->
      </class> <!-- tests.DynamicControlsPageTest -->
    </test> <!-- Default test -->
  </suite> <!-- Default suite -->
</testng-results>
